<?xml version="1.0" encoding="UTF-8"?>
<!-- Generated by org.testng.reporters.JUnitReportReporter -->
<testsuite hostname="ESPLMUMLT054" failures="0" tests="1" name="tyre_Inward.tyreInward_new_new_Retread_GRN" time="14.970" errors="0" timestamp="2025-09-19T16:36:15 IST" skipped="0">
  <testcase classname="tyre_Inward.tyreInward_new_new_Retread_GRN" name="new_Retread_GRN" time="14.970"/>
</testsuite> <!-- tyre_Inward.tyreInward_new_new_Retread_GRN -->
