<?xml version="1.0" encoding="UTF-8"?>
<!-- Generated by org.testng.reporters.JUnitReportReporter -->
<testsuite hostname="ESPLMUMLT054" failures="0" tests="1" name="TestScripts.login_page_TestCase" time="4.850" errors="0" timestamp="2025-09-19T12:01:52 IST" skipped="0">
  <testcase classname="TestScripts.login_page_TestCase" name="login_testcase" time="4.850"/>
</testsuite> <!-- TestScripts.login_page_TestCase -->
