<?xml version="1.0" encoding="UTF-8"?>
<!-- Generated by org.testng.reporters.JUnitReportReporter -->
<testsuite hostname="ESPLMUMLT054" failures="0" tests="1" name="Tyre_Function.tyreStock_allTask" time="24.296" errors="0" timestamp="2025-09-23T13:20:26 IST" skipped="0">
  <testcase classname="Tyre_Function.tyreStock_allTask" name="clickOn_allTask" time="24.296"/>
</testsuite> <!-- Tyre_Function.tyreStock_allTask -->
