<?xml version="1.0" encoding="UTF-8"?>
<!-- Generated by org.testng.reporters.JUnitReportReporter -->
<testsuite hostname="ESPLMUMLT054" failures="0" tests="1" name="tyre_Inward.tyreInward_new_new_Retread_GRN" time="18.581" errors="0" timestamp="2025-09-24T10:07:38 IST" skipped="0">
  <testcase classname="tyre_Inward.tyreInward_new_new_Retread_GRN" name="new_Retread_GRN" time="18.581"/>
</testsuite> <!-- tyre_Inward.tyreInward_new_new_Retread_GRN -->
