<?xml version="1.0" encoding="UTF-8"?>
<!-- Generated by org.testng.reporters.JUnitReportReporter -->
<testsuite hostname="ESPLMUMLT054" failures="0" tests="1" name="TestScripts.tyre_Support_Master" time="18.752" errors="0" timestamp="2025-09-19T14:54:15 IST" skipped="0">
  <testcase classname="TestScripts.tyre_Support_Master" name="tyreSupportMaster_Mousehover" time="18.752"/>
</testsuite> <!-- TestScripts.tyre_Support_Master -->
